Start testing: Mar 26 00:03 CST
----------------------------------------------------------
31/169 Testing: t_webget
31/169 Test: t_webget
Command: "/home/cuizhu12138/桌面/CS144/CS144/lab0/tests/webget_t.sh"
Directory: /home/cuizhu12138/桌面/CS144/CS144/lab0/build
"t_webget" start time: Mar 26 00:03 CST
Output:
----------------------------------------------------------
Function called: get_URL(cs144.keithw.org, /nph-hasher/xyzzy).
Warning: get_URL() has not been implemented yet.
HTTP/1.1 200 OK
Content-type: text/plain

7SmXqWkrLKzVBCEalbSPqBcvs11Pw263K7x4Wv3JckI
<end of output>
Test time =   1.23 sec
----------------------------------------------------------
Test Passed.
"t_webget" end time: Mar 26 00:03 CST
"t_webget" time elapsed: 00:00:01
----------------------------------------------------------

End testing: Mar 26 00:03 CST
